C51 COMPILER V9.60.0.0   MAIN                                                              03/20/2022 15:37:30 PAGE 1   


C51 COMPILER V9.60.0.0, COMPILATION OF MODULE MAIN
OBJECT MODULE PLACED IN .\Objects\main.obj
COMPILER INVOKED BY: C:\Keil_v5\C51\BIN\C51.EXE main.c OPTIMIZE(8,SPEED) BROWSE DEBUG OBJECTEXTEND PRINT(.\Listings\main
                    -.lst) TABS(2) OBJECT(.\Objects\main.obj)

line level    source

   1          #include <at89c5131.h>
   2          #include "lcd.h"    //Header file with LCD interfacing functions
   3          #include "serial.h" //C file with UART interfacing functions
   4          
   5          sbit LED=P1^7;
   6          
   7          //Test function definitions
   8          
   9          /************************************************
  10             lcd_test():
  11            LCD test function that gets called when
  12            '1' is received from UART
  13            Prints "LCD Ok" on LCD. After 4 seconds
  14            LCD is cleared
  15          ************************************************/
  16          void lcd_test(void)
  17          {
  18   1         lcd_cmd(0x80);
  19   1         lcd_write_string("LCD Ok");
  20   1         msdelay(2000);
  21   1         lcd_cmd(0x01);
  22   1      } 
  23          
  24          /************************************************
  25             led_test():
  26            LED test code. Update this function
  27            to test LEDs on P1.7-P1.4 by blinking
  28            them for a few times.
  29          ************************************************/
  30          void led_test(void)
  31          {
  32   1      // Write your testing code here.  
  33   1        P1 = 0x10;
  34   1        msdelay(500);
  35   1        P1 = 0x20;
  36   1        msdelay(500);
  37   1        P1 = 0x40;
  38   1        msdelay(500);
  39   1        P1 = 0x80;
  40   1      }
  41          
  42          
  43          //Main function
  44          void main(void)
  45          {
  46   1        unsigned char ch=0;
  47   1        
  48   1        //Initialize port P1 for output from P1.7-P1.4
  49   1        P1 = 0x0F;
  50   1        
  51   1        //Call initialization functions
  52   1        lcd_init();
  53   1        uart_init();
  54   1        
C51 COMPILER V9.60.0.0   MAIN                                                              03/20/2022 15:37:30 PAGE 2   

  55   1        //These strings will be printed in terminal software
  56   1        transmit_string("************************\r\n");
  57   1        transmit_string("******8051 Tests********\r\n");
  58   1        transmit_string("************************\r\n");
  59   1        transmit_string("Press 1 for LCD test\r\n");
  60   1        transmit_string("Press 2 for LED test\r\n");
  61   1        
  62   1        while(1)
  63   1        {
  64   2            //Receive a character
  65   2            ch = receive_char();
  66   2          
  67   2            //Decide which test function to run based on character sent
  68   2            //Displays the string on the terminal software
  69   2            switch(ch)
  70   2            {
  71   3              case '1':lcd_test();
  72   3                       transmit_string("LCD tested\r\n");
  73   3                       break;
  74   3              
  75   3              case '2':led_test();
  76   3                       transmit_string("LED tested\r\n");
  77   3                       break;
  78   3                    
  79   3              default:transmit_string("Incorrect test. Pass correct number\r\n");
  80   3                       break;
  81   3              
  82   3            }
  83   2            msdelay(100);
  84   2        }
  85   1      }


MODULE INFORMATION:   STATIC OVERLAYABLE
   CODE SIZE        =    578    ----
   CONSTANT SIZE    =    171    ----
   XDATA SIZE       =   ----    ----
   PDATA SIZE       =   ----    ----
   DATA SIZE        =   ----      12
   IDATA SIZE       =   ----    ----
   BIT SIZE         =      2    ----
END OF MODULE INFORMATION.


C51 COMPILATION COMPLETE.  0 WARNING(S),  0 ERROR(S)
