A51 MACRO ASSEMBLER  P2                                                                   02/14/2022 01:23:33 PAGE     1


MACRO ASSEMBLER A51 V8.2.7.0
OBJECT MODULE PLACED IN .\Objects\p2.obj
ASSEMBLER INVOKED BY: C:\Keil_v5\C51\BIN\A51.EXE p2.a51 SET(SMALL) DEBUG PRINT(.\Listings\p2.lst) OBJECT(.\Objects\p2.ob
                      j) EP

LOC  OBJ            LINE     SOURCE

0000                   1     ORG 0H
0000 E530              2     MOV A, 30H
0002 75F010            3     MOV B, #10H
0005 84                4     DIV AB
0006 F8                5     MOV R0, A
0007 A9F0              6     MOV R1, B
0009 7409              7     MOV A, #09H
000B 98                8     SUBB A, R0
000C 5008              9     JNC NCARRY1
000E E8               10     MOV A, R0
000F 2437             11     ADD A, #37H
0011 F560             12     MOV 60H, A
0013 02001B           13     LJMP CARRY1
0016                  14     NCARRY1:
0016 E8               15     MOV A, R0
0017 2430             16     ADD A, #30H
0019 F560             17     MOV 60H, A
001B                  18     CARRY1:
001B 7409             19     MOV A, #09H
001D 99               20     SUBB A, R1
001E 5008             21     JNC NCARRY2
0020 E9               22     MOV A, R1
0021 2437             23     ADD A, #37H
0023 F561             24     MOV 61H, A
0025 02002D           25     LJMP CARRY2
0028                  26     NCARRY2:
0028 E9               27     MOV A, R1
0029 2430             28     ADD A, #30H
002B F561             29     MOV 61H, A
002D                  30     CARRY2:
                      31     END
A51 MACRO ASSEMBLER  P2                                                                   02/14/2022 01:23:33 PAGE     2

SYMBOL TABLE LISTING
------ ----- -------


N A M E             T Y P E  V A L U E   ATTRIBUTES

B. . . . . . . . .  D ADDR   00F0H   A   
CARRY1 . . . . . .  C ADDR   001BH   A   
CARRY2 . . . . . .  C ADDR   002DH   A   
NCARRY1. . . . . .  C ADDR   0016H   A   
NCARRY2. . . . . .  C ADDR   0028H   A   


REGISTER BANK(S) USED: 0 


ASSEMBLY COMPLETE.  0 WARNING(S), 0 ERROR(S)
